<?xml version="1.0" encoding="UTF-8"?>
<testsuite xmlns:xsi="http://www.w3.org/2001/XMLSchema-instance" xsi:noNamespaceSchemaLocation="https://maven.apache.org/surefire/maven-surefire-plugin/xsd/surefire-test-report-3.0.xsd" version="3.0" name="Group_C.Person_Project.TestPerson" time="0.015" tests="6" errors="0" skipped="0" failures="1">
  <properties>
    <property name="java.specification.version" value="19"/>
    <property name="sun.cpu.isalist" value="amd64"/>
    <property name="sun.jnu.encoding" value="Cp1252"/>
    <property name="java.class.path" value="C:\Users\Usuario\OneDrive\Documentos\GitHub\ISO2-2023-A02-Testing-P1\Person_Project\target\test-classes;C:\Users\Usuario\OneDrive\Documentos\GitHub\ISO2-2023-A02-Testing-P1\Person_Project\target\classes;C:\Users\Usuario\.m2\repository\read\reading\0.1.1\reading-0.1.1.jar;C:\Users\Usuario\.m2\repository\junit\junit\3.8.1\junit-3.8.1.jar;"/>
    <property name="java.vm.vendor" value="Oracle Corporation"/>
    <property name="sun.arch.data.model" value="64"/>
    <property name="user.variant" value=""/>
    <property name="java.vendor.url" value="https://java.oracle.com/"/>
    <property name="user.timezone" value="Europe/Madrid"/>
    <property name="os.name" value="Windows 10"/>
    <property name="java.vm.specification.version" value="19"/>
    <property name="sun.java.launcher" value="SUN_STANDARD"/>
    <property name="user.country" value="ES"/>
    <property name="sun.boot.library.path" value="C:\Program Files\Java\jdk-19\bin"/>
    <property name="sun.java.command" value="C:\Users\Usuario\AppData\Local\Temp\surefire18360500008580454358\surefirebooter-20231218191200913_3.jar C:\Users\Usuario\AppData\Local\Temp\surefire18360500008580454358 2023-12-18T19-12-00_753-jvmRun1 surefire-20231218191200913_1tmp surefire_0-20231218191200913_2tmp"/>
    <property name="jdk.debug" value="release"/>
    <property name="surefire.test.class.path" value="C:\Users\Usuario\OneDrive\Documentos\GitHub\ISO2-2023-A02-Testing-P1\Person_Project\target\test-classes;C:\Users\Usuario\OneDrive\Documentos\GitHub\ISO2-2023-A02-Testing-P1\Person_Project\target\classes;C:\Users\Usuario\.m2\repository\read\reading\0.1.1\reading-0.1.1.jar;C:\Users\Usuario\.m2\repository\junit\junit\3.8.1\junit-3.8.1.jar;"/>
    <property name="sun.cpu.endian" value="little"/>
    <property name="user.home" value="C:\Users\Usuario"/>
    <property name="user.language" value="es"/>
    <property name="java.specification.vendor" value="Oracle Corporation"/>
    <property name="java.version.date" value="2022-10-18"/>
    <property name="java.home" value="C:\Program Files\Java\jdk-19"/>
    <property name="file.separator" value="\"/>
    <property name="basedir" value="C:\Users\Usuario\OneDrive\Documentos\GitHub\ISO2-2023-A02-Testing-P1\Person_Project"/>
    <property name="style.color" value="always"/>
    <property name="java.vm.compressedOopsMode" value="Zero based"/>
    <property name="line.separator" value="&#10;"/>
    <property name="java.vm.specification.vendor" value="Oracle Corporation"/>
    <property name="java.specification.name" value="Java Platform API Specification"/>
    <property name="surefire.real.class.path" value="C:\Users\Usuario\AppData\Local\Temp\surefire18360500008580454358\surefirebooter-20231218191200913_3.jar"/>
    <property name="user.script" value=""/>
    <property name="sun.management.compiler" value="HotSpot 64-Bit Tiered Compilers"/>
    <property name="java.runtime.version" value="19.0.1+10-21"/>
    <property name="user.name" value="Usuario"/>
    <property name="stdout.encoding" value="Cp1252"/>
    <property name="path.separator" value=";"/>
    <property name="os.version" value="10.0"/>
    <property name="java.runtime.name" value="Java(TM) SE Runtime Environment"/>
    <property name="file.encoding" value="UTF-8"/>
    <property name="java.vm.name" value="Java HotSpot(TM) 64-Bit Server VM"/>
    <property name="localRepository" value="C:\Users\Usuario\.m2\repository"/>
    <property name="java.vendor.url.bug" value="https://bugreport.java.com/bugreport/"/>
    <property name="java.io.tmpdir" value="C:\Users\Usuario\AppData\Local\Temp\"/>
    <property name="java.version" value="19.0.1"/>
    <property name="user.dir" value="C:\Users\Usuario\OneDrive\Documentos\GitHub\ISO2-2023-A02-Testing-P1\Person_Project"/>
    <property name="os.arch" value="amd64"/>
    <property name="java.vm.specification.name" value="Java Virtual Machine Specification"/>
    <property name="sun.os.patch.level" value=""/>
    <property name="native.encoding" value="Cp1252"/>
    <property name="java.library.path" value="C:\Program Files\Java\jdk-19\bin;C:\WINDOWS\Sun\Java\bin;C:\WINDOWS\system32;C:\WINDOWS;C:/Program Files/Java/jdk-19/bin/server;C:/Program Files/Java/jdk-19/bin;C:\Python311\Scripts\;C:\Python311\;C:\Program Files\Eclipse Adoptium\jdk-17.0.7.7-hotspot\bin;C:\Program Files\Microsoft\jdk-11.0.16.101-hotspot\bin;C:\Program Files\Common Files\Oracle\Java\javapath;C:\Program Files (x86)\Common Files\Oracle\Java\javapath;C:\WINDOWS\system32;C:\WINDOWS;C:\WINDOWS\System32\Wbem;C:\WINDOWS\System32\WindowsPowerShell\v1.0\;C:\WINDOWS\System32\OpenSSH\;C:\Program Files\MATLAB\R2022a\runtime\win64;C:\Program Files\MATLAB\R2022a\bin;C:\Program Files\MATLAB\R2021a\runtime\win64;C:\Program Files\MATLAB\R2021a\bin;C:\Program Files (x86)\dotnet\;C:\Program Files\Microsoft SQL Server\150\Tools\Binn\;C:\Program Files\Microsoft SQL Server\Client SDK\ODBC\170\Tools\Binn\;C:\Program Files\Microsoft SQL Server\130\Tools\Binn\;C:\Program Files\dotnet\;C:\ProgramData\chocolatey\bin;C:\Program Files\Docker\Docker\resources\bin;C:\Program Files\AutoFirma\AutoFirma;C:\Program Files\PuTTY\;C:\Program Files\Git\cmd;C:\Program Files\MySQL\MySQL Shell 8.0\bin\;C:\Users\Usuario\miniconda3;C:\Users\Usuario\miniconda3\Library\mingw-w64\bin;C:\Users\Usuario\miniconda3\Library\usr\bin;C:\Users\Usuario\miniconda3\Library\bin;C:\Users\Usuario\miniconda3\Scripts;C:\Users\Usuario\AppData\Local\Microsoft\WindowsApps;C:\Program Files\swipl\bin;C:\Program Files (x86)\Nmap;C:\Program Files\dotnet;C:\Users\Usuario\AppData\Local\GitHubDesktop\bin;C:\Users\Usuario\.dotnet\tools;C:\Users\Usuario\AppData\Local\Programs\Microsoft VS Code\bin;C:\Users\Usuario\OneDrive\Documentos\Maven\bin;C:\Users\Usuario\AppData\Local\Programs\Python\Python311;C:\Program Files\MySQL\MySQL Shell 8.0\bin\;C:\Users\Usuario\miniconda3;C:\Users\Usuario\miniconda3\Library\mingw-w64\bin;C:\Users\Usuario\miniconda3\Library\usr\bin;C:\Users\Usuario\miniconda3\Library\bin;C:\Users\Usuario\miniconda3\Scripts;C:\Users\Usuario\AppData\Local\Microsoft\WindowsApps;C:\Program Files\swipl\bin;C:\Program Files (x86)\Nmap;C:\Program Files\dotnet;C:\Users\Usuario\AppData\Local\GitHubDesktop\bin;C:\Users\Usuario\.dotnet\tools;C:\Users\Usuario\AppData\Local\Programs\Microsoft VS Code\bin;C:\Users\Usuario\OneDrive\Documentos\Maven\bin;C:\Users\Usuario\AppData\Local\Programs\Python\Python311\scripts;C:\WINDOWS\System32;;."/>
    <property name="java.vm.info" value="mixed mode, sharing"/>
    <property name="stderr.encoding" value="Cp1252"/>
    <property name="java.vendor" value="Oracle Corporation"/>
    <property name="java.vm.version" value="19.0.1+10-21"/>
    <property name="sun.io.unicode.encoding" value="UnicodeLittle"/>
    <property name="java.class.version" value="63.0"/>
  </properties>
  <testcase name="testInvalidPhoneNumber" classname="Group_C.Person_Project.TestPerson" time="0.01">
    <system-out><![CDATA[Phone number must have 9 characters
]]></system-out>
  </testcase>
  <testcase name="testInvalidDayOfBirth" classname="Group_C.Person_Project.TestPerson" time="0.002">
    <system-out><![CDATA[Invalid day in date of birth
]]></system-out>
  </testcase>
  <testcase name="testInvalidMonthOfBirth" classname="Group_C.Person_Project.TestPerson" time="0.001">
    <system-out><![CDATA[Invalid month in date of birth
]]></system-out>
  </testcase>
  <testcase name="testInvalidYearOfBirth" classname="Group_C.Person_Project.TestPerson" time="0.001">
    <system-out><![CDATA[Invalid year in date of birth
]]></system-out>
  </testcase>
  <testcase name="testIsLegalAge" classname="Group_C.Person_Project.TestPerson" time="0.0"/>
  <testcase name="testIsEuropean" classname="Group_C.Person_Project.TestPerson" time="0.001">
    <failure type="junit.framework.AssertionFailedError"><![CDATA[junit.framework.AssertionFailedError
	at junit.framework.Assert.fail(Assert.java:47)
	at junit.framework.Assert.assertTrue(Assert.java:20)
	at junit.framework.Assert.assertTrue(Assert.java:27)
	at Group_C.Person_Project.TestPerson.testIsEuropean(TestPerson.java:19)
	at java.base/jdk.internal.reflect.DirectMethodHandleAccessor.invoke(DirectMethodHandleAccessor.java:104)
	at java.base/java.lang.reflect.Method.invoke(Method.java:578)
	at junit.framework.TestCase.runTest(TestCase.java:154)
	at junit.framework.TestCase.runBare(TestCase.java:127)
	at junit.framework.TestResult$1.protect(TestResult.java:106)
	at junit.framework.TestResult.runProtected(TestResult.java:124)
	at junit.framework.TestResult.run(TestResult.java:109)
	at junit.framework.TestCase.run(TestCase.java:118)
	at junit.framework.TestSuite.runTest(TestSuite.java:208)
	at junit.framework.TestSuite.run(TestSuite.java:203)
	at java.base/jdk.internal.reflect.DirectMethodHandleAccessor.invoke(DirectMethodHandleAccessor.java:104)
	at java.base/java.lang.reflect.Method.invoke(Method.java:578)
	at org.apache.maven.surefire.junit.JUnitTestSetExecutor.execute(JUnitTestSetExecutor.java:81)
	at org.apache.maven.surefire.junit.JUnit3Provider.executeTestSet(JUnit3Provider.java:131)
	at org.apache.maven.surefire.junit.JUnit3Provider.invoke(JUnit3Provider.java:93)
	at org.apache.maven.surefire.booter.ForkedBooter.runSuitesInProcess(ForkedBooter.java:385)
	at org.apache.maven.surefire.booter.ForkedBooter.execute(ForkedBooter.java:162)
	at org.apache.maven.surefire.booter.ForkedBooter.run(ForkedBooter.java:507)
	at org.apache.maven.surefire.booter.ForkedBooter.main(ForkedBooter.java:495)
]]></failure>
    <system-out><![CDATA[Invalid month in date of birth
]]></system-out>
  </testcase>
</testsuite>